nohup: ignoring input
go: downloading github.com/urfave/cli/v2 v2.27.6
go: downloading github.com/r3labs/sse/v2 v2.10.0
go: downloading github.com/gin-gonic/gin v1.10.0
go: downloading github.com/Eyevinn/mp4ff v0.51.0
go: downloading github.com/avast/retry-go/v4 v4.6.1
go: downloading gopkg.in/cenkalti/backoff.v1 v1.1.0
go: downloading github.com/gin-contrib/sse v0.1.0
go: downloading github.com/mattn/go-isatty v0.0.20
go: downloading golang.org/x/net v0.38.0
go: downloading github.com/cpuguy83/go-md2man/v2 v2.0.5
go: downloading github.com/xrash/smetrics v0.0.0-20240521201337-686a1a2994c1
go: downloading github.com/grafov/m3u8 v0.12.1
go: downloading github.com/samber/lo v1.49.1
go: downloading github.com/go-playground/validator/v10 v10.20.0
go: downloading github.com/pelletier/go-toml/v2 v2.2.2
go: downloading github.com/ugorji/go/codec v1.2.12
go: downloading google.golang.org/protobuf v1.34.1
go: downloading gopkg.in/yaml.v3 v3.0.1
go: downloading golang.org/x/sys v0.31.0
go: downloading github.com/russross/blackfriday/v2 v2.1.0
go: downloading golang.org/x/text v0.23.0
go: downloading github.com/gabriel-vasile/mimetype v1.4.3
go: downloading github.com/go-playground/universal-translator v0.18.1
go: downloading github.com/leodido/go-urn v1.4.0
go: downloading golang.org/x/crypto v0.36.0
go: downloading github.com/go-playground/locales v0.14.1

 ██████╗██╗  ██╗ █████╗ ████████╗██╗   ██╗██████╗ ██████╗  █████╗ ████████╗███████╗
██╔════╝██║  ██║██╔══██╗╚══██╔══╝██║   ██║██╔══██╗██╔══██╗██╔══██╗╚══██╔══╝██╔════╝
██║     ███████║███████║   ██║   ██║   ██║██████╔╝██████╔╝███████║   ██║   █████╗
██║     ██╔══██║██╔══██║   ██║   ██║   ██║██╔══██╗██╔══██╗██╔══██║   ██║   ██╔══╝
╚██████╗██║  ██║██║  ██║   ██║   ╚██████╔╝██║  ██║██████╔╝██║  ██║   ██║   ███████╗
 ╚═════╝╚═╝  ╚═╝╚═╝  ╚═╝   ╚═╝    ╚═════╝ ╚═╝  ╚═╝╚═════╝ ╚═╝  ╚═╝   ╚═╝   ╚══════╝
██████╗ ██╗   ██╗██████╗
██╔══██╗██║   ██║██╔══██╗
██║  ██║██║   ██║██████╔╝
██║  ██║╚██╗ ██╔╝██╔══██╗
██████╔╝ ╚████╔╝ ██║  ██║
╚═════╝   ╚═══╝  ╚═╝  ╚═╝
👋 Visit http://localhost:8080 to use the Web UI


2026/05/15 04:54:52 listen tcp :8080: bind: address already in use
exit status 1
